<?xml version="1.0" encoding="UTF-8"?>
<!-- Generated by org.testng.reporters.JUnitReportReporter -->
<testsuite hostname="Tosia2" failures="0" tests="1" name="signUpTest.SignUpTest" time="0.538" errors="0" timestamp="2024-01-30T15:19:17 CET" skipped="0">
  <testcase classname="signUpTest.SignUpTest" name="testSignUpWithValidCred" time="0.538"/>
</testsuite> <!-- signUpTest.SignUpTest -->
